<?xml version="1.0" encoding="UTF-8"?>
<!-- Generated by org.testng.reporters.JUnitReportReporter -->
<testsuite hostname="DESKTOP-TG4UPQG" failures="0" tests="1" name="driverFactory.DriverScript" time="54.321" errors="0" timestamp="2024-09-23T15:14:26 IST" skipped="0">
  <testcase classname="driverFactory.DriverScript" name="starttest" time="54.321"/>
  <system-out>
    <![CDATA[No of rows are::8
Valid username and password::dashboard    http://webapp.qedgetech.com/dashboard.php
Incorrect user ID or password    dashboard   http://webapp.qedgetech.com/login.php
Valid username and password::dashboard    http://webapp.qedgetech.com/dashboard.php
Incorrect user ID or password    dashboard   http://webapp.qedgetech.com/login.php
Valid username and password::dashboard    http://webapp.qedgetech.com/dashboard.php
Valid username and password::dashboard    http://webapp.qedgetech.com/dashboard.php
Valid username and password::dashboard    http://webapp.qedgetech.com/dashboard.php
Valid username and password::dashboard    http://webapp.qedgetech.com/dashboard.php]]>
  </system-out>
</testsuite> <!-- driverFactory.DriverScript -->
